<?xml version="1.0" encoding="UTF-8"?>
<!-- Generated by org.testng.reporters.JUnitXMLReporter -->
<testsuite hostname="TYSS-Abhishek" ignored="0" name="Demo_Test1" tests="1" failures="1" timestamp="2022-11-28T17:52:09 IST" time="736.083" errors="0">
  <testcase name="TC_TYSS_Flipkart_001" time="712.221" classname="com.tyss.flipkart.android.testscripts.TC_Flipkart_001">
    <failure type="java.lang.AssertionError" message="Unable to type in Search for products text field">
      <![CDATA[java.lang.AssertionError: Unable to type in Search for products text field
at com.tyss.flipkart.android.util.MobileActionUtil.typeText(MobileActionUtil.java:386)
at com.tyss.flipkart.android.pages.Home_Page.setSearchForProductTextField(Home_Page.java:77)
at com.tyss.flipkart.android.testscripts.TC_Flipkart_001.TC_TYSS_Flipkart_001(TC_Flipkart_001.java:42)
at java.util.ArrayList.forEach(Unknown Source)
... Removed 28 stack frames]]>
    </failure>
  </testcase> <!-- TC_TYSS_Flipkart_001 -->
</testsuite> <!-- Demo_Test1 -->
