<?xml version="1.0" encoding="UTF-8"?>
<!-- Generated by org.testng.reporters.JUnitXMLReporter -->
<testsuite hostname="TYSS-Abhishek" ignored="0" name="POC_Test1" tests="1" failures="1" timestamp="2022-11-05T13:20:01 IST" time="39.35" errors="0">
  <testcase name="TC_TYSS_Demo" time="22.765" classname="com.tyss.trello.android.testscripts.TT">
    <failure type="java.lang.AssertionError" message="Unable to perform action on Email text">
      <![CDATA[java.lang.AssertionError: Unable to perform action on Email text
at com.tyss.trello.android.pages.Login_Page.clkEmailText(Login_Page.java:152)
at com.tyss.trello.android.testscripts.TT.TC_TYSS_Demo(TT.java:26)
at java.util.ArrayList.forEach(Unknown Source)
... Removed 28 stack frames]]>
    </failure>
  </testcase> <!-- TC_TYSS_Demo -->
</testsuite> <!-- POC_Test1 -->
