<?xml version="1.0" encoding="UTF-8"?>
<!-- Generated by org.testng.reporters.JUnitXMLReporter -->
<testsuite ignored="4" hostname="DESKTOP-E80DE1T" failures="0" tests="3" name="PROJECT_Test1" time="441.207" errors="0" timestamp="2021-11-09T10:31:41 IST">
  <testcase classname="com.trello.android.testscripts.Trello_005" name="tc_Trello_005" time="116.942"/>
  <testcase classname="com.trello.android.testscripts.Trello_006" name="tc_Trello_006" time="126.982"/>
  <testcase classname="com.trello.android.testscripts.Trello_007" name="tc_Trello_007" time="129.326"/>
  <testcase classname="com.trello.android.baseutil.BaseTest" name="@AfterSuite stopServer" time="0.0">
    <ignored/>
  </testcase> <!-- @AfterSuite stopServer -->
  <testcase classname="com.trello.android.baseutil.BaseTest" name="@AfterSuite stopServer" time="0.0">
    <ignored/>
  </testcase> <!-- @AfterSuite stopServer -->
  <testcase classname="com.trello.android.baseutil.BaseTest" name="@BeforeSuite startServer" time="0.0">
    <ignored/>
  </testcase> <!-- @BeforeSuite startServer -->
  <testcase classname="com.trello.android.baseutil.BaseTest" name="@BeforeSuite startServer" time="0.0">
    <ignored/>
  </testcase> <!-- @BeforeSuite startServer -->
</testsuite> <!-- PROJECT_Test1 -->
