<?xml version="1.0" encoding="UTF-8"?>
<testng-results skipped="0" failed="0" ignored="0" total="1" passed="1">
  <reporter-output>
  </reporter-output>
  <suite name="Default suite" duration-ms="3370" started-at="2023-01-09T16:10:27 IST" finished-at="2023-01-09T16:10:30 IST">
    <groups>
    </groups>
    <test name="Default test" duration-ms="3370" started-at="2023-01-09T16:10:27 IST" finished-at="2023-01-09T16:10:30 IST">
      <class name="com.spotify.Categories.SeveralBrowseCategory">
        <test-method status="PASS" signature="createFiles()[pri:0, instance:com.spotify.Categories.SeveralBrowseCategory@44be0077]" name="createFiles" is-config="true" duration-ms="138" started-at="2023-01-09T16:10:27 IST" finished-at="2023-01-09T16:10:27 IST">
          <reporter-output>
          </reporter-output>
        </test-method> <!-- createFiles -->
        <test-method status="PASS" signature="launchApp()[pri:0, instance:com.spotify.Categories.SeveralBrowseCategory@44be0077]" name="launchApp" is-config="true" duration-ms="3" started-at="2023-01-09T16:10:27 IST" finished-at="2023-01-09T16:10:27 IST">
          <reporter-output>
          </reporter-output>
        </test-method> <!-- launchApp -->
        <test-method status="PASS" signature="setExtentReport(java.lang.reflect.Method)[pri:0, instance:com.spotify.Categories.SeveralBrowseCategory@44be0077]" name="setExtentReport" is-config="true" duration-ms="491" started-at="2023-01-09T16:10:27 IST" finished-at="2023-01-09T16:10:28 IST">
          <params>
            <param index="0">
              <value>
                <![CDATA[public void com.spotify.Categories.SeveralBrowseCategory.test1(java.lang.String,java.lang.String,java.lang.String,java.lang.String,java.lang.String,java.lang.String)]]>
              </value>
            </param>
          </params>
          <reporter-output>
          </reporter-output>
        </test-method> <!-- setExtentReport -->
        <test-method status="PASS" signature="test1(java.lang.String,java.lang.String,java.lang.String,java.lang.String,java.lang.String,java.lang.String)[pri:0, instance:com.spotify.Categories.SeveralBrowseCategory@44be0077]" name="test1" duration-ms="2590" started-at="2023-01-09T16:10:28 IST" description="several browse category" data-provider="data1" finished-at="2023-01-09T16:10:30 IST">
          <params>
            <param index="0">
              <value>
                <![CDATA[2]]>
              </value>
            </param>
            <param index="1">
              <value>
                <![CDATA[/browse/categories]]>
              </value>
            </param>
            <param index="2">
              <value>
                <![CDATA[limit]]>
              </value>
            </param>
            <param index="3">
              <value>
                <![CDATA[]]>
              </value>
            </param>
            <param index="4">
              <value>
                <![CDATA[]]>
              </value>
            </param>
            <param index="5">
              <value>
                <![CDATA[]]>
              </value>
            </param>
          </params>
          <reporter-output>
          </reporter-output>
        </test-method> <!-- test1 -->
      </class> <!-- com.spotify.Categories.SeveralBrowseCategory -->
    </test> <!-- Default test -->
  </suite> <!-- Default suite -->
</testng-results>
